<?xml version="1.0" encoding="UTF-8"?>
<!-- Generated by org.testng.reporters.JUnitReportReporter -->
<testsuite hostname="DESKTOP-CNAG3N6" failures="0" tests="1" name="Com.itview.assignments.LoginTestPolicy" time="2.290" errors="0" timestamp="2022-12-31T10:07:31 IST" skipped="0">
  <testcase classname="Com.itview.assignments.LoginTestPolicy" name="LoginAdminTest" time="2.290"/>
  <system-out/>
</testsuite> <!-- Com.itview.assignments.LoginTestPolicy -->
