<?xml version="1.0" encoding="UTF-8"?>
<!-- Generated by org.testng.reporters.JUnitReportReporter -->
<testsuite hostname="DESKTOP-CNAG3N6" failures="0" tests="1" name="Com.itview.testcase.LoginTestCase" time="4.248" errors="0" timestamp="2022-12-22T00:49:41 IST" skipped="0">
  <testcase classname="Com.itview.testcase.LoginTestCase" name="LoginAdminTest" time="4.248"/>
  <system-out/>
</testsuite> <!-- Com.itview.testcase.LoginTestCase -->
