<?xml version="1.0" encoding="UTF-8"?>
<!-- Generated by org.testng.reporters.JUnitReportReporter -->
<testsuite hostname="DESKTOP-CNAG3N6" failures="0" tests="1" name="Com.itview.testcase.CodeForIFrame" time="7.025" errors="0" timestamp="2022-12-31T12:23:44 IST" skipped="0">
  <testcase classname="Com.itview.testcase.CodeForIFrame" name="Code_Fro_IFrame_Test" time="7.025"/>
  <system-out/>
</testsuite> <!-- Com.itview.testcase.CodeForIFrame -->
