<?xml version="1.0" encoding="UTF-8"?>
<!-- Generated by org.testng.reporters.JUnitReportReporter -->
<testsuite hostname="DESKTOP-CNAG3N6" failures="0" tests="2" name="Com.itview.hardassert.LoginSoftAsserts" time="7.931" errors="0" timestamp="2022-12-22T14:53:17 IST" skipped="0">
  <testcase classname="Com.itview.hardassert.LoginSoftAsserts" name="loginAdminTest" time="3.779"/>
  <system-out/>
  <testcase classname="Com.itview.hardassert.LoginSoftAsserts" name="logoutAdminTest" time="4.152"/>
  <system-out/>
</testsuite> <!-- Com.itview.hardassert.LoginSoftAsserts -->
