<?xml version="1.0" encoding="UTF-8"?>
<!-- Generated by org.testng.reporters.JUnitReportReporter -->
<testsuite hostname="DESKTOP-CNAG3N6" failures="0" tests="2" name="Com.itview.hardassert.LoginHardAssert" time="5.893" errors="0" timestamp="2022-12-21T18:37:59 IST" skipped="0">
  <testcase classname="Com.itview.hardassert.LoginHardAssert" name="loginAdminTest" time="2.759"/>
  <system-out/>
  <testcase classname="Com.itview.hardassert.LoginHardAssert" name="logoutAdminTest" time="3.134"/>
  <system-out/>
</testsuite> <!-- Com.itview.hardassert.LoginHardAssert -->
