<?xml version="1.0" encoding="UTF-8"?>
<!-- Generated by org.testng.reporters.JUnitReportReporter -->
<testsuite hostname="DESKTOP-CNAG3N6" failures="0" tests="1" name="Com.itview.assignments.SnapdealTest" time="4.471" errors="0" timestamp="2022-12-31T11:46:59 IST" skipped="0">
  <testcase classname="Com.itview.assignments.SnapdealTest" name="GoogleSearchTest" time="4.471"/>
  <system-out/>
</testsuite> <!-- Com.itview.assignments.SnapdealTest -->
