<?xml version="1.0" encoding="UTF-8"?>
<!-- Generated by org.testng.reporters.JUnitReportReporter -->
<testsuite hostname="DESKTOP-CNAG3N6" failures="0" tests="1" name="Com.itview.testcase.CodeForAlert" time="11.024" errors="0" timestamp="2022-12-31T12:32:16 IST" skipped="0">
  <testcase classname="Com.itview.testcase.CodeForAlert" name="CodeAlertTest" time="11.024"/>
  <system-out/>
</testsuite> <!-- Com.itview.testcase.CodeForAlert -->
