<?xml version="1.0" encoding="UTF-8"?>
<!-- Generated by org.testng.reporters.JUnitReportReporter -->
<testsuite hostname="DESKTOP-CNAG3N6" failures="0" tests="1" name="Com.itview.hardassert.SoftAssert" time="0.005" errors="0" timestamp="2022-12-21T18:43:50 IST" skipped="0">
  <testcase classname="Com.itview.hardassert.SoftAssert" name="f" time="0.005"/>
  <system-out/>
</testsuite> <!-- Com.itview.hardassert.SoftAssert -->
