<?xml version="1.0" encoding="UTF-8"?>
<!-- Generated by org.testng.reporters.JUnitReportReporter -->
<testsuite hostname="DESKTOP-CNAG3N6" failures="0" tests="1" name="Com.itview.testcase.Code_For_CountElements" time="7.714" errors="0" timestamp="2022-12-31T12:14:30 IST" skipped="0">
  <testcase classname="Com.itview.testcase.Code_For_CountElements" name="CountWebElement" time="7.714"/>
  <system-out/>
</testsuite> <!-- Com.itview.testcase.Code_For_CountElements -->
